<?xml version="1.0" encoding="UTF-8"?>
<!-- Generated by org.testng.reporters.JUnitReportReporter -->
<testsuite hostname="DT-BW01" name="com.masteringselenium.BasicTest" tests="2" failures="0" timestamp="25 May 2016 06:59:11 GMT" time="23.162" errors="0">
  <testcase name="googleMilkExample" time="10.639" classname="com.masteringselenium.BasicTest"/>
  <testcase name="googleCheeseExample" time="12.523" classname="com.masteringselenium.BasicTest"/>
</testsuite> <!-- com.masteringselenium.BasicTest -->
