<?xml version="1.0" encoding="UTF-8"?>
<!-- Generated by org.testng.reporters.JUnitReportReporter -->
<testsuite hostname="DT-BW01" name="com.masteringselenium.BasicTestWD" tests="2" failures="0" timestamp="25 May 2016 07:29:58 GMT" time="26.444" errors="0">
  <testcase name="googleMilkExample" time="16.982" classname="com.masteringselenium.BasicTestWD"/>
  <testcase name="googleCheeseExample" time="9.462" classname="com.masteringselenium.BasicTestWD"/>
</testsuite> <!-- com.masteringselenium.BasicTestWD -->
